# JRE version: Java(TM) SE Runtime Environment (19.0.1+10) (build 19.0.1+10-21)
# Java VM: Java HotSpot(TM) 64-Bit Server VM (19.0.1+10-21, mixed mode, sharing, tiered, compressed oops, compressed class ptrs, g1 gc, windows-amd64)
GC Precious Log:
 CardTable entry size: 512
 Card Set container configuration: InlinePtr #cards 5 size 8 Array Of Cards #cards 12 size 40 Howl #buckets 4 coarsen threshold 1843 Howl Bitmap #cards 512 size 80 coarsen threshold 460 Card regions per heap region 1 cards per card region 2048
 CPUs: 12 total, 12 available
 Memory: 8004M
 Large Page Support: Disabled
 NUMA Support: Disabled
 Compressed Oops: Enabled (32-bit)
 Heap Region Size: 1M
 Heap Min Capacity: 8M
 Heap Initial Capacity: 126M
 Heap Max Capacity: 2002M
 Pre-touch: Disabled
 Parallel Workers: 10
 Concurrent Workers: 3
 Concurrent Refinement Workers: 10
 Periodic GC: Disabled
Heap:
 garbage-first heap   total 76800K, used 33142K [0x0000000082e00000, 0x0000000100000000)
  region size 1024K, 6 young (6144K), 1 survivors (1024K)
 Metaspace       used 61708K, committed 62208K, reserved 1114112K
  class space    used 7761K, committed 8000K, reserved 1048576K
GC Heap History (20 events):
Event: 11.580 GC heap before
{Heap before GC invocations=25 (full 0):
 garbage-first heap   total 76800K, used 63289K [0x0000000082e00000, 0x0000000100000000)
  region size 1024K, 36 young (36864K), 1 survivors (1024K)
 Metaspace       used 61402K, committed 61888K, reserved 1114112K
  class space    used 7721K, committed 8000K, reserved 1048576K
}
Event: 11.583 GC heap after
{Heap after GC invocations=26 (full 0):
 garbage-first heap   total 76800K, used 28781K [0x0000000082e00000, 0x0000000100000000)
  region size 1024K, 1 young (1024K), 1 survivors (1024K)
 Metaspace       used 61402K, committed 61888K, reserved 1114112K
  class space    used 7721K, committed 8000K, reserved 1048576K
}
Event: 12.569 GC heap before
{Heap before GC invocations=26 (full 0):
 garbage-first heap   total 76800K, used 64621K [0x0000000082e00000, 0x0000000100000000)
  region size 1024K, 36 young (36864K), 1 survivors (1024K)
 Metaspace       used 61641K, committed 62080K, reserved 1114112K
  class space    used 7755K, committed 8000K, reserved 1048576K
}
Event: 12.574 GC heap after
{Heap after GC invocations=27 (full 0):
 garbage-first heap   total 76800K, used 28809K [0x0000000082e00000, 0x0000000100000000)
  region size 1024K, 1 young (1024K), 1 survivors (1024K)
 Metaspace       used 61641K, committed 62080K, reserved 1114112K
  class space    used 7755K, committed 8000K, reserved 1048576K
}
Event: 13.217 GC heap before
{Heap before GC invocations=27 (full 0):
 garbage-first heap   total 76800K, used 64649K [0x0000000082e00000, 0x0000000100000000)
  region size 1024K, 36 young (36864K), 1 survivors (1024K)
 Metaspace       used 61641K, committed 62080K, reserved 1114112K
  class space    used 7755K, committed 8000K, reserved 1048576K
}
Event: 13.221 GC heap after
{Heap after GC invocations=28 (full 0):
 garbage-first heap   total 76800K, used 28851K [0x0000000082e00000, 0x0000000100000000)
  region size 1024K, 1 young (1024K), 1 survivors (1024K)
 Metaspace       used 61641K, committed 62080K, reserved 1114112K
  class space    used 7755K, committed 8000K, reserved 1048576K
}
Event: 14.324 GC heap before
{Heap before GC invocations=28 (full 0):
 garbage-first heap   total 76800K, used 65715K [0x0000000082e00000, 0x0000000100000000)
  region size 1024K, 37 young (37888K), 1 survivors (1024K)
 Metaspace       used 61652K, committed 62144K, reserved 1114112K
  class space    used 7756K, committed 8000K, reserved 1048576K
}
Event: 14.330 GC heap after
{Heap after GC invocations=29 (full 0):
 garbage-first heap   total 76800K, used 28843K [0x0000000082e00000, 0x0000000100000000)
  region size 1024K, 1 young (1024K), 1 survivors (1024K)
 Metaspace       used 61652K, committed 62144K, reserved 1114112K
  class space    used 7756K, committed 8000K, reserved 1048576K
}
Event: 15.494 GC heap before
{Heap before GC invocations=29 (full 0):
 garbage-first heap   total 76800K, used 65707K [0x0000000082e00000, 0x0000000100000000)
  region size 1024K, 37 young (37888K), 1 survivors (1024K)
 Metaspace       used 61657K, committed 62144K, reserved 1114112K
  class space    used 7756K, committed 8000K, reserved 1048576K
}
Event: 15.500 GC heap after
{Heap after GC invocations=30 (full 0):
 garbage-first heap   total 76800K, used 28957K [0x0000000082e00000, 0x0000000100000000)
  region size 1024K, 1 young (1024K), 1 survivors (1024K)
 Metaspace       used 61657K, committed 62144K, reserved 1114112K
  class space    used 7756K, committed 8000K, reserved 1048576K
}
Event: 17.031 GC heap before
{Heap before GC invocations=30 (full 0):
 garbage-first heap   total 76800K, used 65821K [0x0000000082e00000, 0x0000000100000000)
  region size 1024K, 37 young (37888K), 1 survivors (1024K)
 Metaspace       used 61659K, committed 62144K, reserved 1114112K
  class space    used 7756K, committed 8000K, reserved 1048576K
}
Event: 17.035 GC heap after
{Heap after GC invocations=31 (full 0):
 garbage-first heap   total 76800K, used 28952K [0x0000000082e00000, 0x0000000100000000)
  region size 1024K, 1 young (1024K), 1 survivors (1024K)
 Metaspace       used 61659K, committed 62144K, reserved 1114112K
  class space    used 7756K, committed 8000K, reserved 1048576K
}
Event: 18.962 GC heap before
{Heap before GC invocations=31 (full 0):
 garbage-first heap   total 76800K, used 65816K [0x0000000082e00000, 0x0000000100000000)
  region size 1024K, 37 young (37888K), 1 survivors (1024K)
 Metaspace       used 61662K, committed 62208K, reserved 1114112K
  class space    used 7757K, committed 8000K, reserved 1048576K
}
Event: 18.968 GC heap after
{Heap after GC invocations=32 (full 0):
 garbage-first heap   total 76800K, used 28997K [0x0000000082e00000, 0x0000000100000000)
  region size 1024K, 1 young (1024K), 1 survivors (1024K)
 Metaspace       used 61662K, committed 62208K, reserved 1114112K
  class space    used 7757K, committed 8000K, reserved 1048576K
}
Event: 20.441 GC heap before
{Heap before GC invocations=32 (full 0):
 garbage-first heap   total 76800K, used 66885K [0x0000000082e00000, 0x0000000100000000)
  region size 1024K, 38 young (38912K), 1 survivors (1024K)
 Metaspace       used 61666K, committed 62208K, reserved 1114112K
  class space    used 7758K, committed 8000K, reserved 1048576K
}
Event: 20.447 GC heap after
{Heap after GC invocations=33 (full 0):
 garbage-first heap   total 76800K, used 28998K [0x0000000082e00000, 0x0000000100000000)
  region size 1024K, 1 young (1024K), 1 survivors (1024K)
 Metaspace       used 61666K, committed 62208K, reserved 1114112K
  class space    used 7758K, committed 8000K, reserved 1048576K
}
Event: 22.242 GC heap before
{Heap before GC invocations=33 (full 0):
 garbage-first heap   total 76800K, used 66886K [0x0000000082e00000, 0x0000000100000000)
  region size 1024K, 38 young (38912K), 1 survivors (1024K)
 Metaspace       used 61706K, committed 62208K, reserved 1114112K
  class space    used 7761K, committed 8000K, reserved 1048576K
}
Event: 22.247 GC heap after
{Heap after GC invocations=34 (full 0):
 garbage-first heap   total 76800K, used 29014K [0x0000000082e00000, 0x0000000100000000)
  region size 1024K, 1 young (1024K), 1 survivors (1024K)
 Metaspace       used 61706K, committed 62208K, reserved 1114112K
  class space    used 7761K, committed 8000K, reserved 1048576K
}
Event: 23.755 GC heap before
{Heap before GC invocations=34 (full 0):
 garbage-first heap   total 76800K, used 66902K [0x0000000082e00000, 0x0000000100000000)
  region size 1024K, 38 young (38912K), 1 survivors (1024K)
 Metaspace       used 61708K, committed 62208K, reserved 1114112K
  class space    used 7761K, committed 8000K, reserved 1048576K
}
Event: 23.759 GC heap after
{Heap after GC invocations=35 (full 0):
 garbage-first heap   total 76800K, used 29046K [0x0000000082e00000, 0x0000000100000000)
  region size 1024K, 1 young (1024K), 1 survivors (1024K)
 Metaspace       used 61708K, committed 62208K, reserved 1114112K
  class space    used 7761K, committed 8000K, reserved 1048576K
}

